20:35:11 2025-04-30 : Sinh viên ID 24IT006 đã được đăng ký
20:56:04 2025-04-30 : Sinh viên ID 24IT006 đã đặt phòng 3
21:50:07 2025-04-30 : Sinh viên ID 24IT006 đã thay đổi thông tin
21:53:53 2025-05-03 : Sinh viên ID 24IT004 đã đặt phòng 3
2025-05-13 23:11:57 - HHH000412: Hibernate ORM core version 6.6.13.Final
2025-05-13 23:11:57 - HHH000026: Second-level cache disabled
2025-05-13 23:11:57 - HHH000022: c3p0 properties were encountered, but the c3p0 provider class was not found on the classpath; these properties are going to be ignored.
2025-05-13 23:11:57 - HHH10001002: Using built-in connection pool (not intended for production use)
2025-05-13 23:11:58 - HHH000511: The 5.5.5 version for [org.hibernate.dialect.MariaDBDialect] is no longer supported, hence certain features may not work properly. The minimum supported version is 10.4.0. Check the community dialects project for available legacy versions.
2025-05-13 23:11:58 - HHH90000025: MariaDBDialect does not need to be specified explicitly using 'hibernate.dialect' (remove the property setting and it will be selected by default)
2025-05-13 23:11:58 - HHH10001005: Database info:
	Database JDBC URL [jdbc:mysql://localhost:3306/dormitorymanagement_servlet]
	Database driver: com.mysql.cj.jdbc.Driver
	Database version: 5.5.5
	Autocommit mode: false
	Isolation level: undefined/unknown
	Minimum pool size: 1
	Maximum pool size: 20
2025-05-13 23:11:59 - HHH000489: No JTA platform available (set 'hibernate.transaction.jta.platform' to enable JTA platform integration)
2025-05-13 23:11:59 - HHH10001501: Connection obtained from JdbcConnectionAccess [org.hibernate.engine.jdbc.env.internal.JdbcEnvironmentInitiator$ConnectionProviderJdbcConnectionAccess@2f357394] for (non-JTA) DDL execution was not in auto-commit mode; the Connection 'local transaction' will be committed and the Connection will be set into auto-commit mode.
2025-05-13 23:12:56 - HHH000026: Second-level cache disabled
2025-05-13 23:12:56 - HHH000022: c3p0 properties were encountered, but the c3p0 provider class was not found on the classpath; these properties are going to be ignored.
2025-05-13 23:12:56 - HHH10001002: Using built-in connection pool (not intended for production use)
2025-05-13 23:12:56 - HHH000511: The 5.5.5 version for [org.hibernate.dialect.MariaDBDialect] is no longer supported, hence certain features may not work properly. The minimum supported version is 10.4.0. Check the community dialects project for available legacy versions.
2025-05-13 23:12:56 - HHH90000025: MariaDBDialect does not need to be specified explicitly using 'hibernate.dialect' (remove the property setting and it will be selected by default)
2025-05-13 23:12:56 - HHH10001005: Database info:
	Database JDBC URL [jdbc:mysql://localhost:3306/dormitorymanagement_servlet]
	Database driver: com.mysql.cj.jdbc.Driver
	Database version: 5.5.5
	Autocommit mode: false
	Isolation level: undefined/unknown
	Minimum pool size: 1
	Maximum pool size: 20
2025-05-13 23:12:56 - HHH000489: No JTA platform available (set 'hibernate.transaction.jta.platform' to enable JTA platform integration)
2025-05-13 23:12:56 - HHH10001501: Connection obtained from JdbcConnectionAccess [org.hibernate.engine.jdbc.env.internal.JdbcEnvironmentInitiator$ConnectionProviderJdbcConnectionAccess@3c18bf82] for (non-JTA) DDL execution was not in auto-commit mode; the Connection 'local transaction' will be committed and the Connection will be set into auto-commit mode.
2025-05-13 23:15:00 - HHH000412: Hibernate ORM core version 6.6.13.Final
2025-05-13 23:15:00 - HHH000026: Second-level cache disabled
2025-05-13 23:15:01 - HHH000022: c3p0 properties were encountered, but the c3p0 provider class was not found on the classpath; these properties are going to be ignored.
2025-05-13 23:15:01 - HHH10001002: Using built-in connection pool (not intended for production use)
2025-05-13 23:15:01 - HHH000511: The 5.5.5 version for [org.hibernate.dialect.MariaDBDialect] is no longer supported, hence certain features may not work properly. The minimum supported version is 10.4.0. Check the community dialects project for available legacy versions.
2025-05-13 23:15:01 - HHH90000025: MariaDBDialect does not need to be specified explicitly using 'hibernate.dialect' (remove the property setting and it will be selected by default)
2025-05-13 23:15:01 - HHH10001005: Database info:
	Database JDBC URL [jdbc:mysql://localhost:3306/dormitorymanagement_servlet]
	Database driver: com.mysql.cj.jdbc.Driver
	Database version: 5.5.5
	Autocommit mode: false
	Isolation level: undefined/unknown
	Minimum pool size: 1
	Maximum pool size: 20
2025-05-13 23:15:05 - HHH000489: No JTA platform available (set 'hibernate.transaction.jta.platform' to enable JTA platform integration)
2025-05-13 23:15:05 - HHH10001501: Connection obtained from JdbcConnectionAccess [org.hibernate.engine.jdbc.env.internal.JdbcEnvironmentInitiator$ConnectionProviderJdbcConnectionAccess@4b318795] for (non-JTA) DDL execution was not in auto-commit mode; the Connection 'local transaction' will be committed and the Connection will be set into auto-commit mode.
2025-05-13 23:15:29 - HHH000412: Hibernate ORM core version 6.6.13.Final
2025-05-13 23:15:29 - HHH000026: Second-level cache disabled
2025-05-13 23:15:29 - HHH000022: c3p0 properties were encountered, but the c3p0 provider class was not found on the classpath; these properties are going to be ignored.
2025-05-13 23:15:29 - HHH10001002: Using built-in connection pool (not intended for production use)
2025-05-13 23:15:30 - HHH000511: The 5.5.5 version for [org.hibernate.dialect.MariaDBDialect] is no longer supported, hence certain features may not work properly. The minimum supported version is 10.4.0. Check the community dialects project for available legacy versions.
2025-05-13 23:15:30 - HHH90000025: MariaDBDialect does not need to be specified explicitly using 'hibernate.dialect' (remove the property setting and it will be selected by default)
2025-05-13 23:15:30 - HHH10001005: Database info:
	Database JDBC URL [jdbc:mysql://localhost:3306/dormitorymanagement_servlet]
	Database driver: com.mysql.cj.jdbc.Driver
	Database version: 5.5.5
	Autocommit mode: false
	Isolation level: undefined/unknown
	Minimum pool size: 1
	Maximum pool size: 20
2025-05-13 23:15:31 - HHH000489: No JTA platform available (set 'hibernate.transaction.jta.platform' to enable JTA platform integration)
2025-05-13 23:15:31 - HHH10001501: Connection obtained from JdbcConnectionAccess [org.hibernate.engine.jdbc.env.internal.JdbcEnvironmentInitiator$ConnectionProviderJdbcConnectionAccess@3dcf1012] for (non-JTA) DDL execution was not in auto-commit mode; the Connection 'local transaction' will be committed and the Connection will be set into auto-commit mode.
2025-05-13 23:15:45 - HHH000412: Hibernate ORM core version 6.6.13.Final
2025-05-13 23:15:46 - HHH000026: Second-level cache disabled
2025-05-13 23:15:46 - HHH000022: c3p0 properties were encountered, but the c3p0 provider class was not found on the classpath; these properties are going to be ignored.
2025-05-13 23:15:47 - HHH10001002: Using built-in connection pool (not intended for production use)
2025-05-13 23:15:47 - HHH000511: The 5.5.5 version for [org.hibernate.dialect.MariaDBDialect] is no longer supported, hence certain features may not work properly. The minimum supported version is 10.4.0. Check the community dialects project for available legacy versions.
2025-05-13 23:15:47 - HHH90000025: MariaDBDialect does not need to be specified explicitly using 'hibernate.dialect' (remove the property setting and it will be selected by default)
2025-05-13 23:15:47 - HHH10001005: Database info:
	Database JDBC URL [jdbc:mysql://localhost:3306/dormitorymanagement_servlet]
	Database driver: com.mysql.cj.jdbc.Driver
	Database version: 5.5.5
	Autocommit mode: false
	Isolation level: undefined/unknown
	Minimum pool size: 1
	Maximum pool size: 20
2025-05-13 23:15:50 - HHH000489: No JTA platform available (set 'hibernate.transaction.jta.platform' to enable JTA platform integration)
2025-05-13 23:15:50 - HHH10001501: Connection obtained from JdbcConnectionAccess [org.hibernate.engine.jdbc.env.internal.JdbcEnvironmentInitiator$ConnectionProviderJdbcConnectionAccess@3f45f517] for (non-JTA) DDL execution was not in auto-commit mode; the Connection 'local transaction' will be committed and the Connection will be set into auto-commit mode.
2025-05-13 23:16:21 - HHH000412: Hibernate ORM core version 6.6.13.Final
2025-05-13 23:16:22 - HHH000026: Second-level cache disabled
2025-05-13 23:16:22 - HHH000022: c3p0 properties were encountered, but the c3p0 provider class was not found on the classpath; these properties are going to be ignored.
2025-05-13 23:16:22 - HHH10001002: Using built-in connection pool (not intended for production use)
2025-05-13 23:16:22 - HHH000511: The 5.5.5 version for [org.hibernate.dialect.MariaDBDialect] is no longer supported, hence certain features may not work properly. The minimum supported version is 10.4.0. Check the community dialects project for available legacy versions.
2025-05-13 23:16:22 - HHH90000025: MariaDBDialect does not need to be specified explicitly using 'hibernate.dialect' (remove the property setting and it will be selected by default)
2025-05-13 23:16:23 - HHH10001005: Database info:
	Database JDBC URL [jdbc:mysql://localhost:3306/dormitorymanagement_servlet]
	Database driver: com.mysql.cj.jdbc.Driver
	Database version: 5.5.5
	Autocommit mode: false
	Isolation level: undefined/unknown
	Minimum pool size: 1
	Maximum pool size: 20
2025-05-13 23:16:24 - HHH000489: No JTA platform available (set 'hibernate.transaction.jta.platform' to enable JTA platform integration)
2025-05-13 23:16:24 - HHH10001501: Connection obtained from JdbcConnectionAccess [org.hibernate.engine.jdbc.env.internal.JdbcEnvironmentInitiator$ConnectionProviderJdbcConnectionAccess@4ca5eb61] for (non-JTA) DDL execution was not in auto-commit mode; the Connection 'local transaction' will be committed and the Connection will be set into auto-commit mode.
2025-05-13 23:17:12 - HHH000026: Second-level cache disabled
2025-05-13 23:17:12 - HHH000022: c3p0 properties were encountered, but the c3p0 provider class was not found on the classpath; these properties are going to be ignored.
2025-05-13 23:17:12 - HHH10001002: Using built-in connection pool (not intended for production use)
2025-05-13 23:17:12 - HHH000511: The 5.5.5 version for [org.hibernate.dialect.MariaDBDialect] is no longer supported, hence certain features may not work properly. The minimum supported version is 10.4.0. Check the community dialects project for available legacy versions.
2025-05-13 23:17:12 - HHH90000025: MariaDBDialect does not need to be specified explicitly using 'hibernate.dialect' (remove the property setting and it will be selected by default)
2025-05-13 23:17:12 - HHH10001005: Database info:
	Database JDBC URL [jdbc:mysql://localhost:3306/dormitorymanagement_servlet]
	Database driver: com.mysql.cj.jdbc.Driver
	Database version: 5.5.5
	Autocommit mode: false
	Isolation level: undefined/unknown
	Minimum pool size: 1
	Maximum pool size: 20
2025-05-13 23:17:13 - HHH000489: No JTA platform available (set 'hibernate.transaction.jta.platform' to enable JTA platform integration)
2025-05-13 23:17:13 - HHH10001501: Connection obtained from JdbcConnectionAccess [org.hibernate.engine.jdbc.env.internal.JdbcEnvironmentInitiator$ConnectionProviderJdbcConnectionAccess@5b10ffb2] for (non-JTA) DDL execution was not in auto-commit mode; the Connection 'local transaction' will be committed and the Connection will be set into auto-commit mode.
2025-05-13 23:20:22 - HHH000412: Hibernate ORM core version 6.6.13.Final
2025-05-13 23:20:23 - HHH000026: Second-level cache disabled
2025-05-13 23:20:23 - HHH000022: c3p0 properties were encountered, but the c3p0 provider class was not found on the classpath; these properties are going to be ignored.
2025-05-13 23:20:23 - HHH10001002: Using built-in connection pool (not intended for production use)
2025-05-13 23:20:24 - HHH000511: The 5.5.5 version for [org.hibernate.dialect.MariaDBDialect] is no longer supported, hence certain features may not work properly. The minimum supported version is 10.4.0. Check the community dialects project for available legacy versions.
2025-05-13 23:20:24 - HHH90000025: MariaDBDialect does not need to be specified explicitly using 'hibernate.dialect' (remove the property setting and it will be selected by default)
2025-05-13 23:20:24 - HHH10001005: Database info:
	Database JDBC URL [jdbc:mysql://localhost:3306/dormitorymanagement_servlet]
	Database driver: com.mysql.cj.jdbc.Driver
	Database version: 5.5.5
	Autocommit mode: false
	Isolation level: undefined/unknown
	Minimum pool size: 1
	Maximum pool size: 20
2025-05-13 23:20:27 - HHH000489: No JTA platform available (set 'hibernate.transaction.jta.platform' to enable JTA platform integration)
2025-05-13 23:20:27 - HHH10001501: Connection obtained from JdbcConnectionAccess [org.hibernate.engine.jdbc.env.internal.JdbcEnvironmentInitiator$ConnectionProviderJdbcConnectionAccess@1d4457cf] for (non-JTA) DDL execution was not in auto-commit mode; the Connection 'local transaction' will be committed and the Connection will be set into auto-commit mode.
2025-05-13 23:22:34 - HHH000412: Hibernate ORM core version 6.6.13.Final
2025-05-13 23:22:34 - HHH000026: Second-level cache disabled
2025-05-13 23:22:34 - HHH000022: c3p0 properties were encountered, but the c3p0 provider class was not found on the classpath; these properties are going to be ignored.
2025-05-13 23:22:34 - HHH10001002: Using built-in connection pool (not intended for production use)
2025-05-13 23:22:35 - HHH000511: The 5.5.5 version for [org.hibernate.dialect.MariaDBDialect] is no longer supported, hence certain features may not work properly. The minimum supported version is 10.4.0. Check the community dialects project for available legacy versions.
2025-05-13 23:22:35 - HHH90000025: MariaDBDialect does not need to be specified explicitly using 'hibernate.dialect' (remove the property setting and it will be selected by default)
2025-05-13 23:22:35 - HHH10001005: Database info:
	Database JDBC URL [jdbc:mysql://localhost:3306/dormitorymanagement_servlet]
	Database driver: com.mysql.cj.jdbc.Driver
	Database version: 5.5.5
	Autocommit mode: false
	Isolation level: undefined/unknown
	Minimum pool size: 1
	Maximum pool size: 20
2025-05-13 23:22:37 - HHH000489: No JTA platform available (set 'hibernate.transaction.jta.platform' to enable JTA platform integration)
2025-05-13 23:22:37 - HHH10001501: Connection obtained from JdbcConnectionAccess [org.hibernate.engine.jdbc.env.internal.JdbcEnvironmentInitiator$ConnectionProviderJdbcConnectionAccess@2f357394] for (non-JTA) DDL execution was not in auto-commit mode; the Connection 'local transaction' will be committed and the Connection will be set into auto-commit mode.
2025-05-13 23:23:01 - HHH000026: Second-level cache disabled
2025-05-13 23:23:01 - HHH000022: c3p0 properties were encountered, but the c3p0 provider class was not found on the classpath; these properties are going to be ignored.
2025-05-13 23:23:01 - HHH10001002: Using built-in connection pool (not intended for production use)
2025-05-13 23:23:01 - HHH000511: The 5.5.5 version for [org.hibernate.dialect.MariaDBDialect] is no longer supported, hence certain features may not work properly. The minimum supported version is 10.4.0. Check the community dialects project for available legacy versions.
2025-05-13 23:23:01 - HHH90000025: MariaDBDialect does not need to be specified explicitly using 'hibernate.dialect' (remove the property setting and it will be selected by default)
2025-05-13 23:23:01 - HHH10001005: Database info:
	Database JDBC URL [jdbc:mysql://localhost:3306/dormitorymanagement_servlet]
	Database driver: com.mysql.cj.jdbc.Driver
	Database version: 5.5.5
	Autocommit mode: false
	Isolation level: undefined/unknown
	Minimum pool size: 1
	Maximum pool size: 20
2025-05-13 23:23:01 - HHH000489: No JTA platform available (set 'hibernate.transaction.jta.platform' to enable JTA platform integration)
2025-05-13 23:23:01 - HHH10001501: Connection obtained from JdbcConnectionAccess [org.hibernate.engine.jdbc.env.internal.JdbcEnvironmentInitiator$ConnectionProviderJdbcConnectionAccess@1f23540c] for (non-JTA) DDL execution was not in auto-commit mode; the Connection 'local transaction' will be committed and the Connection will be set into auto-commit mode.
2025-05-13 23:23:37 - HHH000412: Hibernate ORM core version 6.6.13.Final
2025-05-13 23:23:38 - HHH000026: Second-level cache disabled
2025-05-13 23:23:39 - HHH000022: c3p0 properties were encountered, but the c3p0 provider class was not found on the classpath; these properties are going to be ignored.
2025-05-13 23:23:39 - HHH10001002: Using built-in connection pool (not intended for production use)
2025-05-13 23:23:39 - HHH000511: The 5.5.5 version for [org.hibernate.dialect.MariaDBDialect] is no longer supported, hence certain features may not work properly. The minimum supported version is 10.4.0. Check the community dialects project for available legacy versions.
2025-05-13 23:23:39 - HHH90000025: MariaDBDialect does not need to be specified explicitly using 'hibernate.dialect' (remove the property setting and it will be selected by default)
2025-05-13 23:23:39 - HHH10001005: Database info:
	Database JDBC URL [jdbc:mysql://localhost:3306/dormitorymanagement_servlet]
	Database driver: com.mysql.cj.jdbc.Driver
	Database version: 5.5.5
	Autocommit mode: false
	Isolation level: undefined/unknown
	Minimum pool size: 1
	Maximum pool size: 20
2025-05-13 23:23:41 - HHH000489: No JTA platform available (set 'hibernate.transaction.jta.platform' to enable JTA platform integration)
2025-05-13 23:23:41 - HHH10001501: Connection obtained from JdbcConnectionAccess [org.hibernate.engine.jdbc.env.internal.JdbcEnvironmentInitiator$ConnectionProviderJdbcConnectionAccess@150be9bf] for (non-JTA) DDL execution was not in auto-commit mode; the Connection 'local transaction' will be committed and the Connection will be set into auto-commit mode.
2025-05-13 23:24:04 - HHH000412: Hibernate ORM core version 6.6.13.Final
2025-05-13 23:24:04 - HHH000026: Second-level cache disabled
2025-05-13 23:24:04 - HHH000022: c3p0 properties were encountered, but the c3p0 provider class was not found on the classpath; these properties are going to be ignored.
2025-05-13 23:24:04 - HHH10001002: Using built-in connection pool (not intended for production use)
2025-05-13 23:24:04 - HHH000511: The 5.5.5 version for [org.hibernate.dialect.MariaDBDialect] is no longer supported, hence certain features may not work properly. The minimum supported version is 10.4.0. Check the community dialects project for available legacy versions.
2025-05-13 23:24:04 - HHH90000025: MariaDBDialect does not need to be specified explicitly using 'hibernate.dialect' (remove the property setting and it will be selected by default)
2025-05-13 23:24:05 - HHH10001005: Database info:
	Database JDBC URL [jdbc:mysql://localhost:3306/dormitorymanagement_servlet]
	Database driver: com.mysql.cj.jdbc.Driver
	Database version: 5.5.5
	Autocommit mode: false
	Isolation level: undefined/unknown
	Minimum pool size: 1
	Maximum pool size: 20
2025-05-13 23:24:06 - HHH000489: No JTA platform available (set 'hibernate.transaction.jta.platform' to enable JTA platform integration)
2025-05-13 23:24:06 - HHH10001501: Connection obtained from JdbcConnectionAccess [org.hibernate.engine.jdbc.env.internal.JdbcEnvironmentInitiator$ConnectionProviderJdbcConnectionAccess@4ca5eb61] for (non-JTA) DDL execution was not in auto-commit mode; the Connection 'local transaction' will be committed and the Connection will be set into auto-commit mode.
2025-05-13 23:24:44 - HHH000026: Second-level cache disabled
2025-05-13 23:24:44 - HHH000022: c3p0 properties were encountered, but the c3p0 provider class was not found on the classpath; these properties are going to be ignored.
2025-05-13 23:24:44 - HHH10001002: Using built-in connection pool (not intended for production use)
2025-05-13 23:24:44 - HHH000511: The 5.5.5 version for [org.hibernate.dialect.MariaDBDialect] is no longer supported, hence certain features may not work properly. The minimum supported version is 10.4.0. Check the community dialects project for available legacy versions.
2025-05-13 23:24:44 - HHH90000025: MariaDBDialect does not need to be specified explicitly using 'hibernate.dialect' (remove the property setting and it will be selected by default)
2025-05-13 23:24:44 - HHH10001005: Database info:
	Database JDBC URL [jdbc:mysql://localhost:3306/dormitorymanagement_servlet]
	Database driver: com.mysql.cj.jdbc.Driver
	Database version: 5.5.5
	Autocommit mode: false
	Isolation level: undefined/unknown
	Minimum pool size: 1
	Maximum pool size: 20
2025-05-13 23:24:44 - HHH000489: No JTA platform available (set 'hibernate.transaction.jta.platform' to enable JTA platform integration)
2025-05-13 23:24:44 - HHH10001501: Connection obtained from JdbcConnectionAccess [org.hibernate.engine.jdbc.env.internal.JdbcEnvironmentInitiator$ConnectionProviderJdbcConnectionAccess@c2a0d6] for (non-JTA) DDL execution was not in auto-commit mode; the Connection 'local transaction' will be committed and the Connection will be set into auto-commit mode.
2025-05-13 23:27:02 - HHH000412: Hibernate ORM core version 6.6.13.Final
2025-05-13 23:27:03 - HHH000026: Second-level cache disabled
2025-05-13 23:27:04 - HHH000022: c3p0 properties were encountered, but the c3p0 provider class was not found on the classpath; these properties are going to be ignored.
2025-05-13 23:27:04 - HHH10001002: Using built-in connection pool (not intended for production use)
2025-05-13 23:27:05 - HHH000511: The 5.5.5 version for [org.hibernate.dialect.MariaDBDialect] is no longer supported, hence certain features may not work properly. The minimum supported version is 10.4.0. Check the community dialects project for available legacy versions.
2025-05-13 23:27:05 - HHH90000025: MariaDBDialect does not need to be specified explicitly using 'hibernate.dialect' (remove the property setting and it will be selected by default)
2025-05-13 23:27:05 - HHH10001005: Database info:
	Database JDBC URL [jdbc:mysql://localhost:3306/dormitorymanagement_servlet]
	Database driver: com.mysql.cj.jdbc.Driver
	Database version: 5.5.5
	Autocommit mode: false
	Isolation level: undefined/unknown
	Minimum pool size: 1
	Maximum pool size: 20
2025-05-13 23:27:10 - HHH000489: No JTA platform available (set 'hibernate.transaction.jta.platform' to enable JTA platform integration)
2025-05-13 23:27:10 - HHH10001501: Connection obtained from JdbcConnectionAccess [org.hibernate.engine.jdbc.env.internal.JdbcEnvironmentInitiator$ConnectionProviderJdbcConnectionAccess@405ef5e4] for (non-JTA) DDL execution was not in auto-commit mode; the Connection 'local transaction' will be committed and the Connection will be set into auto-commit mode.
2025-05-13 23:27:39 - HHH000412: Hibernate ORM core version 6.6.13.Final
2025-05-13 23:27:39 - HHH000026: Second-level cache disabled
2025-05-13 23:27:39 - HHH000022: c3p0 properties were encountered, but the c3p0 provider class was not found on the classpath; these properties are going to be ignored.
2025-05-13 23:27:39 - HHH10001002: Using built-in connection pool (not intended for production use)
2025-05-13 23:27:40 - HHH000511: The 5.5.5 version for [org.hibernate.dialect.MariaDBDialect] is no longer supported, hence certain features may not work properly. The minimum supported version is 10.4.0. Check the community dialects project for available legacy versions.
2025-05-13 23:27:40 - HHH90000025: MariaDBDialect does not need to be specified explicitly using 'hibernate.dialect' (remove the property setting and it will be selected by default)
2025-05-13 23:27:40 - HHH10001005: Database info:
	Database JDBC URL [jdbc:mysql://localhost:3306/dormitorymanagement_servlet]
	Database driver: com.mysql.cj.jdbc.Driver
	Database version: 5.5.5
	Autocommit mode: false
	Isolation level: undefined/unknown
	Minimum pool size: 1
	Maximum pool size: 20
2025-05-13 23:27:42 - HHH000489: No JTA platform available (set 'hibernate.transaction.jta.platform' to enable JTA platform integration)
2025-05-13 23:27:42 - HHH10001501: Connection obtained from JdbcConnectionAccess [org.hibernate.engine.jdbc.env.internal.JdbcEnvironmentInitiator$ConnectionProviderJdbcConnectionAccess@2a155c1c] for (non-JTA) DDL execution was not in auto-commit mode; the Connection 'local transaction' will be committed and the Connection will be set into auto-commit mode.
2025-05-13 23:27:53 - HHH000026: Second-level cache disabled
2025-05-13 23:27:53 - HHH000022: c3p0 properties were encountered, but the c3p0 provider class was not found on the classpath; these properties are going to be ignored.
2025-05-13 23:27:53 - HHH10001002: Using built-in connection pool (not intended for production use)
2025-05-13 23:27:53 - HHH000511: The 5.5.5 version for [org.hibernate.dialect.MariaDBDialect] is no longer supported, hence certain features may not work properly. The minimum supported version is 10.4.0. Check the community dialects project for available legacy versions.
2025-05-13 23:27:53 - HHH90000025: MariaDBDialect does not need to be specified explicitly using 'hibernate.dialect' (remove the property setting and it will be selected by default)
2025-05-13 23:27:53 - HHH10001005: Database info:
	Database JDBC URL [jdbc:mysql://localhost:3306/dormitorymanagement_servlet]
	Database driver: com.mysql.cj.jdbc.Driver
	Database version: 5.5.5
	Autocommit mode: false
	Isolation level: undefined/unknown
	Minimum pool size: 1
	Maximum pool size: 20
2025-05-13 23:27:53 - HHH000489: No JTA platform available (set 'hibernate.transaction.jta.platform' to enable JTA platform integration)
2025-05-13 23:27:53 - HHH10001501: Connection obtained from JdbcConnectionAccess [org.hibernate.engine.jdbc.env.internal.JdbcEnvironmentInitiator$ConnectionProviderJdbcConnectionAccess@14dc694e] for (non-JTA) DDL execution was not in auto-commit mode; the Connection 'local transaction' will be committed and the Connection will be set into auto-commit mode.
2025-05-13 23:37:00 - HHH000412: Hibernate ORM core version 6.6.13.Final
2025-05-13 23:37:00 - HHH000026: Second-level cache disabled
2025-05-13 23:37:00 - HHH000022: c3p0 properties were encountered, but the c3p0 provider class was not found on the classpath; these properties are going to be ignored.
2025-05-13 23:37:00 - HHH10001002: Using built-in connection pool (not intended for production use)
2025-05-13 23:37:00 - HHH000511: The 5.5.5 version for [org.hibernate.dialect.MariaDBDialect] is no longer supported, hence certain features may not work properly. The minimum supported version is 10.4.0. Check the community dialects project for available legacy versions.
2025-05-13 23:37:00 - HHH90000025: MariaDBDialect does not need to be specified explicitly using 'hibernate.dialect' (remove the property setting and it will be selected by default)
2025-05-13 23:37:00 - HHH10001005: Database info:
	Database JDBC URL [jdbc:mysql://localhost:3306/dormitorymanagement_servlet]
	Database driver: com.mysql.cj.jdbc.Driver
	Database version: 5.5.5
	Autocommit mode: false
	Isolation level: undefined/unknown
	Minimum pool size: 1
	Maximum pool size: 20
2025-05-13 23:37:02 - HHH000489: No JTA platform available (set 'hibernate.transaction.jta.platform' to enable JTA platform integration)
2025-05-13 23:37:02 - HHH10001501: Connection obtained from JdbcConnectionAccess [org.hibernate.engine.jdbc.env.internal.JdbcEnvironmentInitiator$ConnectionProviderJdbcConnectionAccess@771d8399] for (non-JTA) DDL execution was not in auto-commit mode; the Connection 'local transaction' will be committed and the Connection will be set into auto-commit mode.
2025-05-13 23:37:26 - HHH000412: Hibernate ORM core version 6.6.13.Final
2025-05-13 23:37:26 - HHH000026: Second-level cache disabled
2025-05-13 23:37:26 - HHH000022: c3p0 properties were encountered, but the c3p0 provider class was not found on the classpath; these properties are going to be ignored.
2025-05-13 23:37:26 - HHH10001002: Using built-in connection pool (not intended for production use)
2025-05-13 23:37:27 - HHH000511: The 5.5.5 version for [org.hibernate.dialect.MariaDBDialect] is no longer supported, hence certain features may not work properly. The minimum supported version is 10.4.0. Check the community dialects project for available legacy versions.
2025-05-13 23:37:27 - HHH90000025: MariaDBDialect does not need to be specified explicitly using 'hibernate.dialect' (remove the property setting and it will be selected by default)
2025-05-13 23:37:27 - HHH10001005: Database info:
	Database JDBC URL [jdbc:mysql://localhost:3306/dormitorymanagement_servlet]
	Database driver: com.mysql.cj.jdbc.Driver
	Database version: 5.5.5
	Autocommit mode: false
	Isolation level: undefined/unknown
	Minimum pool size: 1
	Maximum pool size: 20
2025-05-13 23:37:28 - HHH000489: No JTA platform available (set 'hibernate.transaction.jta.platform' to enable JTA platform integration)
2025-05-13 23:37:28 - HHH10001501: Connection obtained from JdbcConnectionAccess [org.hibernate.engine.jdbc.env.internal.JdbcEnvironmentInitiator$ConnectionProviderJdbcConnectionAccess@4ca5eb61] for (non-JTA) DDL execution was not in auto-commit mode; the Connection 'local transaction' will be committed and the Connection will be set into auto-commit mode.
2025-05-13 23:38:39 - HHH000026: Second-level cache disabled
2025-05-13 23:38:39 - HHH000022: c3p0 properties were encountered, but the c3p0 provider class was not found on the classpath; these properties are going to be ignored.
2025-05-13 23:38:39 - HHH10001002: Using built-in connection pool (not intended for production use)
2025-05-13 23:38:39 - HHH000511: The 5.5.5 version for [org.hibernate.dialect.MariaDBDialect] is no longer supported, hence certain features may not work properly. The minimum supported version is 10.4.0. Check the community dialects project for available legacy versions.
2025-05-13 23:38:39 - HHH90000025: MariaDBDialect does not need to be specified explicitly using 'hibernate.dialect' (remove the property setting and it will be selected by default)
2025-05-13 23:38:39 - HHH10001005: Database info:
	Database JDBC URL [jdbc:mysql://localhost:3306/dormitorymanagement_servlet]
	Database driver: com.mysql.cj.jdbc.Driver
	Database version: 5.5.5
	Autocommit mode: false
	Isolation level: undefined/unknown
	Minimum pool size: 1
	Maximum pool size: 20
2025-05-13 23:38:39 - HHH000489: No JTA platform available (set 'hibernate.transaction.jta.platform' to enable JTA platform integration)
2025-05-13 23:38:39 - HHH10001501: Connection obtained from JdbcConnectionAccess [org.hibernate.engine.jdbc.env.internal.JdbcEnvironmentInitiator$ConnectionProviderJdbcConnectionAccess@c2a0d6] for (non-JTA) DDL execution was not in auto-commit mode; the Connection 'local transaction' will be committed and the Connection will be set into auto-commit mode.
2025-05-13 23:43:53 - HHH000412: Hibernate ORM core version 6.6.13.Final
2025-05-13 23:43:54 - HHH000026: Second-level cache disabled
2025-05-13 23:43:55 - HHH000022: c3p0 properties were encountered, but the c3p0 provider class was not found on the classpath; these properties are going to be ignored.
2025-05-13 23:43:55 - HHH10001002: Using built-in connection pool (not intended for production use)
2025-05-13 23:43:55 - HHH000511: The 5.5.5 version for [org.hibernate.dialect.MariaDBDialect] is no longer supported, hence certain features may not work properly. The minimum supported version is 10.4.0. Check the community dialects project for available legacy versions.
2025-05-13 23:43:55 - HHH90000025: MariaDBDialect does not need to be specified explicitly using 'hibernate.dialect' (remove the property setting and it will be selected by default)
2025-05-13 23:43:55 - HHH10001005: Database info:
	Database JDBC URL [jdbc:mysql://localhost:3306/dormitorymanagement_servlet]
	Database driver: com.mysql.cj.jdbc.Driver
	Database version: 5.5.5
	Autocommit mode: false
	Isolation level: undefined/unknown
	Minimum pool size: 1
	Maximum pool size: 20
2025-05-13 23:43:59 - HHH000489: No JTA platform available (set 'hibernate.transaction.jta.platform' to enable JTA platform integration)
2025-05-13 23:43:59 - HHH10001501: Connection obtained from JdbcConnectionAccess [org.hibernate.engine.jdbc.env.internal.JdbcEnvironmentInitiator$ConnectionProviderJdbcConnectionAccess@2ac14996] for (non-JTA) DDL execution was not in auto-commit mode; the Connection 'local transaction' will be committed and the Connection will be set into auto-commit mode.
2025-05-13 23:45:52 - HHH000412: Hibernate ORM core version 6.6.13.Final
2025-05-13 23:45:53 - HHH000026: Second-level cache disabled
2025-05-13 23:45:53 - HHH000022: c3p0 properties were encountered, but the c3p0 provider class was not found on the classpath; these properties are going to be ignored.
2025-05-13 23:45:53 - HHH10001002: Using built-in connection pool (not intended for production use)
2025-05-13 23:45:53 - HHH000511: The 5.5.5 version for [org.hibernate.dialect.MariaDBDialect] is no longer supported, hence certain features may not work properly. The minimum supported version is 10.4.0. Check the community dialects project for available legacy versions.
2025-05-13 23:45:53 - HHH90000025: MariaDBDialect does not need to be specified explicitly using 'hibernate.dialect' (remove the property setting and it will be selected by default)
2025-05-13 23:45:53 - HHH10001005: Database info:
	Database JDBC URL [jdbc:mysql://localhost:3306/dormitorymanagement_servlet]
	Database driver: com.mysql.cj.jdbc.Driver
	Database version: 5.5.5
	Autocommit mode: false
	Isolation level: undefined/unknown
	Minimum pool size: 1
	Maximum pool size: 20
2025-05-13 23:45:55 - HHH000489: No JTA platform available (set 'hibernate.transaction.jta.platform' to enable JTA platform integration)
2025-05-13 23:45:55 - HHH10001501: Connection obtained from JdbcConnectionAccess [org.hibernate.engine.jdbc.env.internal.JdbcEnvironmentInitiator$ConnectionProviderJdbcConnectionAccess@19837199] for (non-JTA) DDL execution was not in auto-commit mode; the Connection 'local transaction' will be committed and the Connection will be set into auto-commit mode.
2025-05-13 23:46:11 - HHH000412: Hibernate ORM core version 6.6.13.Final
2025-05-13 23:46:12 - HHH000026: Second-level cache disabled
2025-05-13 23:46:12 - HHH000022: c3p0 properties were encountered, but the c3p0 provider class was not found on the classpath; these properties are going to be ignored.
2025-05-13 23:46:12 - HHH10001002: Using built-in connection pool (not intended for production use)
2025-05-13 23:46:12 - HHH000511: The 5.5.5 version for [org.hibernate.dialect.MariaDBDialect] is no longer supported, hence certain features may not work properly. The minimum supported version is 10.4.0. Check the community dialects project for available legacy versions.
2025-05-13 23:46:12 - HHH90000025: MariaDBDialect does not need to be specified explicitly using 'hibernate.dialect' (remove the property setting and it will be selected by default)
2025-05-13 23:46:12 - HHH10001005: Database info:
	Database JDBC URL [jdbc:mysql://localhost:3306/dormitorymanagement_servlet]
	Database driver: com.mysql.cj.jdbc.Driver
	Database version: 5.5.5
	Autocommit mode: false
	Isolation level: undefined/unknown
	Minimum pool size: 1
	Maximum pool size: 20
2025-05-13 23:46:14 - HHH000489: No JTA platform available (set 'hibernate.transaction.jta.platform' to enable JTA platform integration)
2025-05-13 23:46:14 - HHH10001501: Connection obtained from JdbcConnectionAccess [org.hibernate.engine.jdbc.env.internal.JdbcEnvironmentInitiator$ConnectionProviderJdbcConnectionAccess@344be4bc] for (non-JTA) DDL execution was not in auto-commit mode; the Connection 'local transaction' will be committed and the Connection will be set into auto-commit mode.
2025-05-13 23:47:44 - HHH000412: Hibernate ORM core version 6.6.13.Final
2025-05-13 23:47:44 - HHH000026: Second-level cache disabled
2025-05-13 23:47:44 - HHH000022: c3p0 properties were encountered, but the c3p0 provider class was not found on the classpath; these properties are going to be ignored.
2025-05-13 23:47:44 - HHH10001002: Using built-in connection pool (not intended for production use)
2025-05-13 23:47:45 - HHH000511: The 5.5.5 version for [org.hibernate.dialect.MariaDBDialect] is no longer supported, hence certain features may not work properly. The minimum supported version is 10.4.0. Check the community dialects project for available legacy versions.
2025-05-13 23:47:45 - HHH90000025: MariaDBDialect does not need to be specified explicitly using 'hibernate.dialect' (remove the property setting and it will be selected by default)
2025-05-13 23:47:45 - HHH10001005: Database info:
	Database JDBC URL [jdbc:mysql://localhost:3306/dormitorymanagement_servlet]
	Database driver: com.mysql.cj.jdbc.Driver
	Database version: 5.5.5
	Autocommit mode: false
	Isolation level: undefined/unknown
	Minimum pool size: 1
	Maximum pool size: 20
2025-05-13 23:47:47 - HHH000489: No JTA platform available (set 'hibernate.transaction.jta.platform' to enable JTA platform integration)
2025-05-13 23:47:47 - HHH10001501: Connection obtained from JdbcConnectionAccess [org.hibernate.engine.jdbc.env.internal.JdbcEnvironmentInitiator$ConnectionProviderJdbcConnectionAccess@4ca5eb61] for (non-JTA) DDL execution was not in auto-commit mode; the Connection 'local transaction' will be committed and the Connection will be set into auto-commit mode.
2025-05-13 23:48:09 - HHH000026: Second-level cache disabled
2025-05-13 23:48:09 - HHH000022: c3p0 properties were encountered, but the c3p0 provider class was not found on the classpath; these properties are going to be ignored.
2025-05-13 23:48:09 - HHH10001002: Using built-in connection pool (not intended for production use)
2025-05-13 23:48:09 - HHH000511: The 5.5.5 version for [org.hibernate.dialect.MariaDBDialect] is no longer supported, hence certain features may not work properly. The minimum supported version is 10.4.0. Check the community dialects project for available legacy versions.
2025-05-13 23:48:09 - HHH90000025: MariaDBDialect does not need to be specified explicitly using 'hibernate.dialect' (remove the property setting and it will be selected by default)
2025-05-13 23:48:09 - HHH10001005: Database info:
	Database JDBC URL [jdbc:mysql://localhost:3306/dormitorymanagement_servlet]
	Database driver: com.mysql.cj.jdbc.Driver
	Database version: 5.5.5
	Autocommit mode: false
	Isolation level: undefined/unknown
	Minimum pool size: 1
	Maximum pool size: 20
2025-05-13 23:48:09 - HHH000489: No JTA platform available (set 'hibernate.transaction.jta.platform' to enable JTA platform integration)
2025-05-13 23:48:09 - HHH10001501: Connection obtained from JdbcConnectionAccess [org.hibernate.engine.jdbc.env.internal.JdbcEnvironmentInitiator$ConnectionProviderJdbcConnectionAccess@4ad5b45d] for (non-JTA) DDL execution was not in auto-commit mode; the Connection 'local transaction' will be committed and the Connection will be set into auto-commit mode.
2025-05-13 23:49:56 - HHH000412: Hibernate ORM core version 6.6.13.Final
2025-05-13 23:49:58 - HHH000026: Second-level cache disabled
2025-05-13 23:49:58 - HHH000022: c3p0 properties were encountered, but the c3p0 provider class was not found on the classpath; these properties are going to be ignored.
2025-05-13 23:49:58 - HHH10001002: Using built-in connection pool (not intended for production use)
2025-05-13 23:49:59 - HHH000511: The 5.5.5 version for [org.hibernate.dialect.MariaDBDialect] is no longer supported, hence certain features may not work properly. The minimum supported version is 10.4.0. Check the community dialects project for available legacy versions.
2025-05-13 23:49:59 - HHH90000025: MariaDBDialect does not need to be specified explicitly using 'hibernate.dialect' (remove the property setting and it will be selected by default)
2025-05-13 23:49:59 - HHH10001005: Database info:
	Database JDBC URL [jdbc:mysql://localhost:3306/dormitorymanagement_servlet]
	Database driver: com.mysql.cj.jdbc.Driver
	Database version: 5.5.5
	Autocommit mode: false
	Isolation level: undefined/unknown
	Minimum pool size: 1
	Maximum pool size: 20
2025-05-13 23:50:00 - HHH000489: No JTA platform available (set 'hibernate.transaction.jta.platform' to enable JTA platform integration)
2025-05-13 23:50:00 - HHH10001501: Connection obtained from JdbcConnectionAccess [org.hibernate.engine.jdbc.env.internal.JdbcEnvironmentInitiator$ConnectionProviderJdbcConnectionAccess@28e0358e] for (non-JTA) DDL execution was not in auto-commit mode; the Connection 'local transaction' will be committed and the Connection will be set into auto-commit mode.
2025-05-13 23:51:25 - HHH000412: Hibernate ORM core version 6.6.13.Final
2025-05-13 23:51:25 - HHH000026: Second-level cache disabled
2025-05-13 23:51:26 - HHH000022: c3p0 properties were encountered, but the c3p0 provider class was not found on the classpath; these properties are going to be ignored.
2025-05-13 23:51:26 - HHH10001002: Using built-in connection pool (not intended for production use)
2025-05-13 23:51:27 - HHH000511: The 5.5.5 version for [org.hibernate.dialect.MariaDBDialect] is no longer supported, hence certain features may not work properly. The minimum supported version is 10.4.0. Check the community dialects project for available legacy versions.
2025-05-13 23:51:27 - HHH90000025: MariaDBDialect does not need to be specified explicitly using 'hibernate.dialect' (remove the property setting and it will be selected by default)
2025-05-13 23:51:27 - HHH10001005: Database info:
	Database JDBC URL [jdbc:mysql://localhost:3306/dormitorymanagement_servlet]
	Database driver: com.mysql.cj.jdbc.Driver
	Database version: 5.5.5
	Autocommit mode: false
	Isolation level: undefined/unknown
	Minimum pool size: 1
	Maximum pool size: 20
2025-05-13 23:51:30 - HHH000489: No JTA platform available (set 'hibernate.transaction.jta.platform' to enable JTA platform integration)
2025-05-13 23:51:30 - HHH10001501: Connection obtained from JdbcConnectionAccess [org.hibernate.engine.jdbc.env.internal.JdbcEnvironmentInitiator$ConnectionProviderJdbcConnectionAccess@650e9dca] for (non-JTA) DDL execution was not in auto-commit mode; the Connection 'local transaction' will be committed and the Connection will be set into auto-commit mode.
2025-05-13 23:51:45 - HHH000026: Second-level cache disabled
2025-05-13 23:51:45 - HHH000022: c3p0 properties were encountered, but the c3p0 provider class was not found on the classpath; these properties are going to be ignored.
2025-05-13 23:51:45 - HHH10001002: Using built-in connection pool (not intended for production use)
2025-05-13 23:51:45 - HHH000511: The 5.5.5 version for [org.hibernate.dialect.MariaDBDialect] is no longer supported, hence certain features may not work properly. The minimum supported version is 10.4.0. Check the community dialects project for available legacy versions.
2025-05-13 23:51:45 - HHH90000025: MariaDBDialect does not need to be specified explicitly using 'hibernate.dialect' (remove the property setting and it will be selected by default)
2025-05-13 23:51:45 - HHH10001005: Database info:
	Database JDBC URL [jdbc:mysql://localhost:3306/dormitorymanagement_servlet]
	Database driver: com.mysql.cj.jdbc.Driver
	Database version: 5.5.5
	Autocommit mode: false
	Isolation level: undefined/unknown
	Minimum pool size: 1
	Maximum pool size: 20
2025-05-13 23:51:45 - HHH000489: No JTA platform available (set 'hibernate.transaction.jta.platform' to enable JTA platform integration)
2025-05-13 23:51:45 - HHH10001501: Connection obtained from JdbcConnectionAccess [org.hibernate.engine.jdbc.env.internal.JdbcEnvironmentInitiator$ConnectionProviderJdbcConnectionAccess@6b38ce99] for (non-JTA) DDL execution was not in auto-commit mode; the Connection 'local transaction' will be committed and the Connection will be set into auto-commit mode.
2025-05-13 23:55:46 - HHH000412: Hibernate ORM core version 6.6.13.Final
2025-05-13 23:55:46 - HHH000026: Second-level cache disabled
2025-05-13 23:55:47 - HHH000022: c3p0 properties were encountered, but the c3p0 provider class was not found on the classpath; these properties are going to be ignored.
2025-05-13 23:55:47 - HHH10001002: Using built-in connection pool (not intended for production use)
2025-05-13 23:55:47 - HHH000511: The 5.5.5 version for [org.hibernate.dialect.MariaDBDialect] is no longer supported, hence certain features may not work properly. The minimum supported version is 10.4.0. Check the community dialects project for available legacy versions.
2025-05-13 23:55:47 - HHH90000025: MariaDBDialect does not need to be specified explicitly using 'hibernate.dialect' (remove the property setting and it will be selected by default)
2025-05-13 23:55:47 - HHH10001005: Database info:
	Database JDBC URL [jdbc:mysql://localhost:3306/dormitorymanagement_servlet]
	Database driver: com.mysql.cj.jdbc.Driver
	Database version: 5.5.5
	Autocommit mode: false
	Isolation level: undefined/unknown
	Minimum pool size: 1
	Maximum pool size: 20
2025-05-13 23:55:48 - HHH000489: No JTA platform available (set 'hibernate.transaction.jta.platform' to enable JTA platform integration)
2025-05-13 23:55:49 - HHH10001501: Connection obtained from JdbcConnectionAccess [org.hibernate.engine.jdbc.env.internal.JdbcEnvironmentInitiator$ConnectionProviderJdbcConnectionAccess@de8255a] for (non-JTA) DDL execution was not in auto-commit mode; the Connection 'local transaction' will be committed and the Connection will be set into auto-commit mode.
2025-05-13 23:57:03 - HHH000412: Hibernate ORM core version 6.6.13.Final
2025-05-13 23:57:03 - HHH000026: Second-level cache disabled
2025-05-13 23:57:03 - HHH000022: c3p0 properties were encountered, but the c3p0 provider class was not found on the classpath; these properties are going to be ignored.
2025-05-13 23:57:03 - HHH10001002: Using built-in connection pool (not intended for production use)
2025-05-13 23:57:04 - HHH000511: The 5.5.5 version for [org.hibernate.dialect.MariaDBDialect] is no longer supported, hence certain features may not work properly. The minimum supported version is 10.4.0. Check the community dialects project for available legacy versions.
2025-05-13 23:57:04 - HHH90000025: MariaDBDialect does not need to be specified explicitly using 'hibernate.dialect' (remove the property setting and it will be selected by default)
2025-05-13 23:57:04 - HHH10001005: Database info:
	Database JDBC URL [jdbc:mysql://localhost:3306/dormitorymanagement_servlet]
	Database driver: com.mysql.cj.jdbc.Driver
	Database version: 5.5.5
	Autocommit mode: false
	Isolation level: undefined/unknown
	Minimum pool size: 1
	Maximum pool size: 20
2025-05-13 23:57:06 - HHH000489: No JTA platform available (set 'hibernate.transaction.jta.platform' to enable JTA platform integration)
2025-05-13 23:57:06 - HHH10001501: Connection obtained from JdbcConnectionAccess [org.hibernate.engine.jdbc.env.internal.JdbcEnvironmentInitiator$ConnectionProviderJdbcConnectionAccess@65820758] for (non-JTA) DDL execution was not in auto-commit mode; the Connection 'local transaction' will be committed and the Connection will be set into auto-commit mode.
2025-05-13 23:57:17 - HHH000026: Second-level cache disabled
2025-05-13 23:57:17 - HHH000022: c3p0 properties were encountered, but the c3p0 provider class was not found on the classpath; these properties are going to be ignored.
2025-05-13 23:57:17 - HHH10001002: Using built-in connection pool (not intended for production use)
2025-05-13 23:57:17 - HHH000511: The 5.5.5 version for [org.hibernate.dialect.MariaDBDialect] is no longer supported, hence certain features may not work properly. The minimum supported version is 10.4.0. Check the community dialects project for available legacy versions.
2025-05-13 23:57:17 - HHH90000025: MariaDBDialect does not need to be specified explicitly using 'hibernate.dialect' (remove the property setting and it will be selected by default)
2025-05-13 23:57:17 - HHH10001005: Database info:
	Database JDBC URL [jdbc:mysql://localhost:3306/dormitorymanagement_servlet]
	Database driver: com.mysql.cj.jdbc.Driver
	Database version: 5.5.5
	Autocommit mode: false
	Isolation level: undefined/unknown
	Minimum pool size: 1
	Maximum pool size: 20
2025-05-13 23:57:18 - HHH000489: No JTA platform available (set 'hibernate.transaction.jta.platform' to enable JTA platform integration)
2025-05-13 23:57:18 - HHH10001501: Connection obtained from JdbcConnectionAccess [org.hibernate.engine.jdbc.env.internal.JdbcEnvironmentInitiator$ConnectionProviderJdbcConnectionAccess@14dc694e] for (non-JTA) DDL execution was not in auto-commit mode; the Connection 'local transaction' will be committed and the Connection will be set into auto-commit mode.
2025-05-13 23:57:31 - HHH000026: Second-level cache disabled
2025-05-13 23:57:31 - HHH000022: c3p0 properties were encountered, but the c3p0 provider class was not found on the classpath; these properties are going to be ignored.
2025-05-13 23:57:31 - HHH10001002: Using built-in connection pool (not intended for production use)
2025-05-13 23:57:31 - HHH000511: The 5.5.5 version for [org.hibernate.dialect.MariaDBDialect] is no longer supported, hence certain features may not work properly. The minimum supported version is 10.4.0. Check the community dialects project for available legacy versions.
2025-05-13 23:57:31 - HHH90000025: MariaDBDialect does not need to be specified explicitly using 'hibernate.dialect' (remove the property setting and it will be selected by default)
2025-05-13 23:57:31 - HHH10001005: Database info:
	Database JDBC URL [jdbc:mysql://localhost:3306/dormitorymanagement_servlet]
	Database driver: com.mysql.cj.jdbc.Driver
	Database version: 5.5.5
	Autocommit mode: false
	Isolation level: undefined/unknown
	Minimum pool size: 1
	Maximum pool size: 20
2025-05-13 23:57:31 - HHH000489: No JTA platform available (set 'hibernate.transaction.jta.platform' to enable JTA platform integration)
2025-05-13 23:57:31 - HHH10001501: Connection obtained from JdbcConnectionAccess [org.hibernate.engine.jdbc.env.internal.JdbcEnvironmentInitiator$ConnectionProviderJdbcConnectionAccess@162c3a05] for (non-JTA) DDL execution was not in auto-commit mode; the Connection 'local transaction' will be committed and the Connection will be set into auto-commit mode.
2025-05-14 00:03:26 - HHH000412: Hibernate ORM core version 6.6.13.Final
2025-05-14 00:03:26 - HHH000026: Second-level cache disabled
2025-05-14 00:03:26 - HHH000022: c3p0 properties were encountered, but the c3p0 provider class was not found on the classpath; these properties are going to be ignored.
2025-05-14 00:03:27 - HHH10001002: Using built-in connection pool (not intended for production use)
2025-05-14 00:03:27 - HHH000511: The 5.5.5 version for [org.hibernate.dialect.MariaDBDialect] is no longer supported, hence certain features may not work properly. The minimum supported version is 10.4.0. Check the community dialects project for available legacy versions.
2025-05-14 00:03:27 - HHH90000025: MariaDBDialect does not need to be specified explicitly using 'hibernate.dialect' (remove the property setting and it will be selected by default)
2025-05-14 00:03:27 - HHH10001005: Database info:
	Database JDBC URL [jdbc:mysql://localhost:3306/dormitorymanagement_servlet]
	Database driver: com.mysql.cj.jdbc.Driver
	Database version: 5.5.5
	Autocommit mode: false
	Isolation level: undefined/unknown
	Minimum pool size: 1
	Maximum pool size: 20
2025-05-14 00:03:29 - HHH000489: No JTA platform available (set 'hibernate.transaction.jta.platform' to enable JTA platform integration)
2025-05-14 00:03:29 - HHH10001501: Connection obtained from JdbcConnectionAccess [org.hibernate.engine.jdbc.env.internal.JdbcEnvironmentInitiator$ConnectionProviderJdbcConnectionAccess@4997ea5b] for (non-JTA) DDL execution was not in auto-commit mode; the Connection 'local transaction' will be committed and the Connection will be set into auto-commit mode.
2025-05-14 00:03:44 - HHH000412: Hibernate ORM core version 6.6.13.Final
2025-05-14 00:03:44 - HHH000026: Second-level cache disabled
2025-05-14 00:03:44 - HHH000022: c3p0 properties were encountered, but the c3p0 provider class was not found on the classpath; these properties are going to be ignored.
2025-05-14 00:03:44 - HHH10001002: Using built-in connection pool (not intended for production use)
2025-05-14 00:03:45 - HHH000511: The 5.5.5 version for [org.hibernate.dialect.MariaDBDialect] is no longer supported, hence certain features may not work properly. The minimum supported version is 10.4.0. Check the community dialects project for available legacy versions.
2025-05-14 00:03:45 - HHH90000025: MariaDBDialect does not need to be specified explicitly using 'hibernate.dialect' (remove the property setting and it will be selected by default)
2025-05-14 00:03:45 - HHH10001005: Database info:
	Database JDBC URL [jdbc:mysql://localhost:3306/dormitorymanagement_servlet]
	Database driver: com.mysql.cj.jdbc.Driver
	Database version: 5.5.5
	Autocommit mode: false
	Isolation level: undefined/unknown
	Minimum pool size: 1
	Maximum pool size: 20
2025-05-14 00:03:47 - HHH000489: No JTA platform available (set 'hibernate.transaction.jta.platform' to enable JTA platform integration)
2025-05-14 00:03:47 - HHH10001501: Connection obtained from JdbcConnectionAccess [org.hibernate.engine.jdbc.env.internal.JdbcEnvironmentInitiator$ConnectionProviderJdbcConnectionAccess@76802b8c] for (non-JTA) DDL execution was not in auto-commit mode; the Connection 'local transaction' will be committed and the Connection will be set into auto-commit mode.
2025-05-14 00:04:46 - HHH000026: Second-level cache disabled
2025-05-14 00:04:46 - HHH000022: c3p0 properties were encountered, but the c3p0 provider class was not found on the classpath; these properties are going to be ignored.
2025-05-14 00:04:46 - HHH10001002: Using built-in connection pool (not intended for production use)
2025-05-14 00:04:46 - HHH000511: The 5.5.5 version for [org.hibernate.dialect.MariaDBDialect] is no longer supported, hence certain features may not work properly. The minimum supported version is 10.4.0. Check the community dialects project for available legacy versions.
2025-05-14 00:04:46 - HHH90000025: MariaDBDialect does not need to be specified explicitly using 'hibernate.dialect' (remove the property setting and it will be selected by default)
2025-05-14 00:04:46 - HHH10001005: Database info:
	Database JDBC URL [jdbc:mysql://localhost:3306/dormitorymanagement_servlet]
	Database driver: com.mysql.cj.jdbc.Driver
	Database version: 5.5.5
	Autocommit mode: false
	Isolation level: undefined/unknown
	Minimum pool size: 1
	Maximum pool size: 20
2025-05-14 00:04:46 - HHH000489: No JTA platform available (set 'hibernate.transaction.jta.platform' to enable JTA platform integration)
2025-05-14 00:04:46 - HHH10001501: Connection obtained from JdbcConnectionAccess [org.hibernate.engine.jdbc.env.internal.JdbcEnvironmentInitiator$ConnectionProviderJdbcConnectionAccess@486976ea] for (non-JTA) DDL execution was not in auto-commit mode; the Connection 'local transaction' will be committed and the Connection will be set into auto-commit mode.
2025-05-14 00:05:14 - HHH000026: Second-level cache disabled
2025-05-14 00:05:14 - HHH000022: c3p0 properties were encountered, but the c3p0 provider class was not found on the classpath; these properties are going to be ignored.
2025-05-14 00:05:14 - HHH10001002: Using built-in connection pool (not intended for production use)
2025-05-14 00:05:14 - HHH000511: The 5.5.5 version for [org.hibernate.dialect.MariaDBDialect] is no longer supported, hence certain features may not work properly. The minimum supported version is 10.4.0. Check the community dialects project for available legacy versions.
2025-05-14 00:05:14 - HHH90000025: MariaDBDialect does not need to be specified explicitly using 'hibernate.dialect' (remove the property setting and it will be selected by default)
2025-05-14 00:05:14 - HHH10001005: Database info:
	Database JDBC URL [jdbc:mysql://localhost:3306/dormitorymanagement_servlet]
	Database driver: com.mysql.cj.jdbc.Driver
	Database version: 5.5.5
	Autocommit mode: false
	Isolation level: undefined/unknown
	Minimum pool size: 1
	Maximum pool size: 20
2025-05-14 00:05:14 - HHH000489: No JTA platform available (set 'hibernate.transaction.jta.platform' to enable JTA platform integration)
2025-05-14 00:05:14 - HHH10001501: Connection obtained from JdbcConnectionAccess [org.hibernate.engine.jdbc.env.internal.JdbcEnvironmentInitiator$ConnectionProviderJdbcConnectionAccess@49f68736] for (non-JTA) DDL execution was not in auto-commit mode; the Connection 'local transaction' will be committed and the Connection will be set into auto-commit mode.
2025-05-14 00:09:52 - HHH000412: Hibernate ORM core version 6.6.13.Final
2025-05-14 00:09:53 - HHH000026: Second-level cache disabled
2025-05-14 00:09:53 - HHH000022: c3p0 properties were encountered, but the c3p0 provider class was not found on the classpath; these properties are going to be ignored.
2025-05-14 00:09:53 - HHH10001002: Using built-in connection pool (not intended for production use)
2025-05-14 00:09:53 - HHH000511: The 5.5.5 version for [org.hibernate.dialect.MariaDBDialect] is no longer supported, hence certain features may not work properly. The minimum supported version is 10.4.0. Check the community dialects project for available legacy versions.
2025-05-14 00:09:53 - HHH90000025: MariaDBDialect does not need to be specified explicitly using 'hibernate.dialect' (remove the property setting and it will be selected by default)
2025-05-14 00:09:53 - HHH10001005: Database info:
	Database JDBC URL [jdbc:mysql://localhost:3306/dormitorymanagement_servlet]
	Database driver: com.mysql.cj.jdbc.Driver
	Database version: 5.5.5
	Autocommit mode: false
	Isolation level: undefined/unknown
	Minimum pool size: 1
	Maximum pool size: 20
2025-05-14 00:09:56 - HHH000489: No JTA platform available (set 'hibernate.transaction.jta.platform' to enable JTA platform integration)
2025-05-14 00:09:56 - HHH10001501: Connection obtained from JdbcConnectionAccess [org.hibernate.engine.jdbc.env.internal.JdbcEnvironmentInitiator$ConnectionProviderJdbcConnectionAccess@2a5ab282] for (non-JTA) DDL execution was not in auto-commit mode; the Connection 'local transaction' will be committed and the Connection will be set into auto-commit mode.
2025-05-14 00:15:14 - HHH000412: Hibernate ORM core version 6.6.13.Final
2025-05-14 00:15:15 - HHH000026: Second-level cache disabled
2025-05-14 00:15:15 - HHH000022: c3p0 properties were encountered, but the c3p0 provider class was not found on the classpath; these properties are going to be ignored.
2025-05-14 00:15:15 - HHH10001002: Using built-in connection pool (not intended for production use)
2025-05-14 00:15:16 - HHH000511: The 5.5.5 version for [org.hibernate.dialect.MariaDBDialect] is no longer supported, hence certain features may not work properly. The minimum supported version is 10.4.0. Check the community dialects project for available legacy versions.
2025-05-14 00:15:16 - HHH90000025: MariaDBDialect does not need to be specified explicitly using 'hibernate.dialect' (remove the property setting and it will be selected by default)
2025-05-14 00:15:16 - HHH10001005: Database info:
	Database JDBC URL [jdbc:mysql://localhost:3306/dormitorymanagement_servlet]
	Database driver: com.mysql.cj.jdbc.Driver
	Database version: 5.5.5
	Autocommit mode: false
	Isolation level: undefined/unknown
	Minimum pool size: 1
	Maximum pool size: 20
2025-05-14 00:20:17 - HHH000412: Hibernate ORM core version 6.6.13.Final
2025-05-14 00:20:17 - HHH000026: Second-level cache disabled
2025-05-14 00:20:17 - HHH000022: c3p0 properties were encountered, but the c3p0 provider class was not found on the classpath; these properties are going to be ignored.
2025-05-14 00:20:17 - HHH10001002: Using built-in connection pool (not intended for production use)
2025-05-14 00:20:18 - HHH000511: The 5.5.5 version for [org.hibernate.dialect.MariaDBDialect] is no longer supported, hence certain features may not work properly. The minimum supported version is 10.4.0. Check the community dialects project for available legacy versions.
2025-05-14 00:20:18 - HHH90000025: MariaDBDialect does not need to be specified explicitly using 'hibernate.dialect' (remove the property setting and it will be selected by default)
2025-05-14 00:20:18 - HHH10001005: Database info:
	Database JDBC URL [jdbc:mysql://localhost:3306/dormitorymanagement_servlet]
	Database driver: com.mysql.cj.jdbc.Driver
	Database version: 5.5.5
	Autocommit mode: false
	Isolation level: undefined/unknown
	Minimum pool size: 1
	Maximum pool size: 20
2025-05-14 00:20:19 - HHH000489: No JTA platform available (set 'hibernate.transaction.jta.platform' to enable JTA platform integration)
2025-05-14 00:20:20 - HHH10001501: Connection obtained from JdbcConnectionAccess [org.hibernate.engine.jdbc.env.internal.JdbcEnvironmentInitiator$ConnectionProviderJdbcConnectionAccess@76802b8c] for (non-JTA) DDL execution was not in auto-commit mode; the Connection 'local transaction' will be committed and the Connection will be set into auto-commit mode.
2025-05-14 00:20:40 - HHH000026: Second-level cache disabled
2025-05-14 00:20:40 - HHH000022: c3p0 properties were encountered, but the c3p0 provider class was not found on the classpath; these properties are going to be ignored.
2025-05-14 00:20:40 - HHH10001002: Using built-in connection pool (not intended for production use)
2025-05-14 00:20:40 - HHH000511: The 5.5.5 version for [org.hibernate.dialect.MariaDBDialect] is no longer supported, hence certain features may not work properly. The minimum supported version is 10.4.0. Check the community dialects project for available legacy versions.
2025-05-14 00:20:40 - HHH90000025: MariaDBDialect does not need to be specified explicitly using 'hibernate.dialect' (remove the property setting and it will be selected by default)
2025-05-14 00:20:40 - HHH10001005: Database info:
	Database JDBC URL [jdbc:mysql://localhost:3306/dormitorymanagement_servlet]
	Database driver: com.mysql.cj.jdbc.Driver
	Database version: 5.5.5
	Autocommit mode: false
	Isolation level: undefined/unknown
	Minimum pool size: 1
	Maximum pool size: 20
2025-05-14 00:20:40 - HHH000489: No JTA platform available (set 'hibernate.transaction.jta.platform' to enable JTA platform integration)
2025-05-14 00:20:40 - HHH10001501: Connection obtained from JdbcConnectionAccess [org.hibernate.engine.jdbc.env.internal.JdbcEnvironmentInitiator$ConnectionProviderJdbcConnectionAccess@7e552864] for (non-JTA) DDL execution was not in auto-commit mode; the Connection 'local transaction' will be committed and the Connection will be set into auto-commit mode.
2025-05-14 00:20:45 - HHH000026: Second-level cache disabled
2025-05-14 00:20:45 - HHH000022: c3p0 properties were encountered, but the c3p0 provider class was not found on the classpath; these properties are going to be ignored.
2025-05-14 00:20:45 - HHH10001002: Using built-in connection pool (not intended for production use)
2025-05-14 00:20:45 - HHH000511: The 5.5.5 version for [org.hibernate.dialect.MariaDBDialect] is no longer supported, hence certain features may not work properly. The minimum supported version is 10.4.0. Check the community dialects project for available legacy versions.
2025-05-14 00:20:45 - HHH90000025: MariaDBDialect does not need to be specified explicitly using 'hibernate.dialect' (remove the property setting and it will be selected by default)
2025-05-14 00:20:45 - HHH10001005: Database info:
	Database JDBC URL [jdbc:mysql://localhost:3306/dormitorymanagement_servlet]
	Database driver: com.mysql.cj.jdbc.Driver
	Database version: 5.5.5
	Autocommit mode: false
	Isolation level: undefined/unknown
	Minimum pool size: 1
	Maximum pool size: 20
2025-05-14 00:20:45 - HHH000489: No JTA platform available (set 'hibernate.transaction.jta.platform' to enable JTA platform integration)
2025-05-14 00:20:45 - HHH10001501: Connection obtained from JdbcConnectionAccess [org.hibernate.engine.jdbc.env.internal.JdbcEnvironmentInitiator$ConnectionProviderJdbcConnectionAccess@45d6dca2] for (non-JTA) DDL execution was not in auto-commit mode; the Connection 'local transaction' will be committed and the Connection will be set into auto-commit mode.
2025-05-14 00:25:33 - HHH000412: Hibernate ORM core version 6.6.13.Final
2025-05-14 00:25:34 - HHH000026: Second-level cache disabled
2025-05-14 00:25:34 - HHH000022: c3p0 properties were encountered, but the c3p0 provider class was not found on the classpath; these properties are going to be ignored.
2025-05-14 00:25:34 - HHH10001002: Using built-in connection pool (not intended for production use)
2025-05-14 00:25:35 - HHH000511: The 5.5.5 version for [org.hibernate.dialect.MariaDBDialect] is no longer supported, hence certain features may not work properly. The minimum supported version is 10.4.0. Check the community dialects project for available legacy versions.
2025-05-14 00:25:35 - HHH90000025: MariaDBDialect does not need to be specified explicitly using 'hibernate.dialect' (remove the property setting and it will be selected by default)
2025-05-14 00:25:35 - HHH10001005: Database info:
	Database JDBC URL [jdbc:mysql://localhost:3306/dormitorymanagement_servlet]
	Database driver: com.mysql.cj.jdbc.Driver
	Database version: 5.5.5
	Autocommit mode: false
	Isolation level: undefined/unknown
	Minimum pool size: 1
	Maximum pool size: 20
2025-05-14 00:25:39 - HHH000489: No JTA platform available (set 'hibernate.transaction.jta.platform' to enable JTA platform integration)
2025-05-14 00:25:39 - HHH10001501: Connection obtained from JdbcConnectionAccess [org.hibernate.engine.jdbc.env.internal.JdbcEnvironmentInitiator$ConnectionProviderJdbcConnectionAccess@50387fc3] for (non-JTA) DDL execution was not in auto-commit mode; the Connection 'local transaction' will be committed and the Connection will be set into auto-commit mode.
2025-05-14 00:26:17 - HHH000412: Hibernate ORM core version 6.6.13.Final
2025-05-14 00:26:17 - HHH000026: Second-level cache disabled
2025-05-14 00:26:18 - HHH000022: c3p0 properties were encountered, but the c3p0 provider class was not found on the classpath; these properties are going to be ignored.
2025-05-14 00:26:18 - HHH10001002: Using built-in connection pool (not intended for production use)
2025-05-14 00:26:18 - HHH000511: The 5.5.5 version for [org.hibernate.dialect.MariaDBDialect] is no longer supported, hence certain features may not work properly. The minimum supported version is 10.4.0. Check the community dialects project for available legacy versions.
2025-05-14 00:26:18 - HHH90000025: MariaDBDialect does not need to be specified explicitly using 'hibernate.dialect' (remove the property setting and it will be selected by default)
2025-05-14 00:26:18 - HHH10001005: Database info:
	Database JDBC URL [jdbc:mysql://localhost:3306/dormitorymanagement_servlet]
	Database driver: com.mysql.cj.jdbc.Driver
	Database version: 5.5.5
	Autocommit mode: false
	Isolation level: undefined/unknown
	Minimum pool size: 1
	Maximum pool size: 20
2025-05-14 00:26:20 - HHH000489: No JTA platform available (set 'hibernate.transaction.jta.platform' to enable JTA platform integration)
2025-05-14 00:26:20 - HHH10001501: Connection obtained from JdbcConnectionAccess [org.hibernate.engine.jdbc.env.internal.JdbcEnvironmentInitiator$ConnectionProviderJdbcConnectionAccess@5c615f41] for (non-JTA) DDL execution was not in auto-commit mode; the Connection 'local transaction' will be committed and the Connection will be set into auto-commit mode.
2025-05-14 00:26:39 - HHH000412: Hibernate ORM core version 6.6.13.Final
2025-05-14 00:26:39 - HHH000026: Second-level cache disabled
2025-05-14 00:26:39 - HHH000022: c3p0 properties were encountered, but the c3p0 provider class was not found on the classpath; these properties are going to be ignored.
2025-05-14 00:26:39 - HHH10001002: Using built-in connection pool (not intended for production use)
2025-05-14 00:26:39 - HHH000511: The 5.5.5 version for [org.hibernate.dialect.MariaDBDialect] is no longer supported, hence certain features may not work properly. The minimum supported version is 10.4.0. Check the community dialects project for available legacy versions.
2025-05-14 00:26:39 - HHH90000025: MariaDBDialect does not need to be specified explicitly using 'hibernate.dialect' (remove the property setting and it will be selected by default)
2025-05-14 00:26:39 - HHH10001005: Database info:
	Database JDBC URL [jdbc:mysql://localhost:3306/dormitorymanagement_servlet]
	Database driver: com.mysql.cj.jdbc.Driver
	Database version: 5.5.5
	Autocommit mode: false
	Isolation level: undefined/unknown
	Minimum pool size: 1
	Maximum pool size: 20
2025-05-14 00:26:41 - HHH000489: No JTA platform available (set 'hibernate.transaction.jta.platform' to enable JTA platform integration)
2025-05-14 00:26:41 - HHH10001501: Connection obtained from JdbcConnectionAccess [org.hibernate.engine.jdbc.env.internal.JdbcEnvironmentInitiator$ConnectionProviderJdbcConnectionAccess@5f0b3abb] for (non-JTA) DDL execution was not in auto-commit mode; the Connection 'local transaction' will be committed and the Connection will be set into auto-commit mode.
2025-05-14 00:26:52 - HHH000026: Second-level cache disabled
2025-05-14 00:26:52 - HHH000022: c3p0 properties were encountered, but the c3p0 provider class was not found on the classpath; these properties are going to be ignored.
2025-05-14 00:26:52 - HHH10001002: Using built-in connection pool (not intended for production use)
2025-05-14 00:26:52 - HHH000511: The 5.5.5 version for [org.hibernate.dialect.MariaDBDialect] is no longer supported, hence certain features may not work properly. The minimum supported version is 10.4.0. Check the community dialects project for available legacy versions.
2025-05-14 00:26:52 - HHH90000025: MariaDBDialect does not need to be specified explicitly using 'hibernate.dialect' (remove the property setting and it will be selected by default)
2025-05-14 00:26:52 - HHH10001005: Database info:
	Database JDBC URL [jdbc:mysql://localhost:3306/dormitorymanagement_servlet]
	Database driver: com.mysql.cj.jdbc.Driver
	Database version: 5.5.5
	Autocommit mode: false
	Isolation level: undefined/unknown
	Minimum pool size: 1
	Maximum pool size: 20
2025-05-14 00:26:53 - HHH000489: No JTA platform available (set 'hibernate.transaction.jta.platform' to enable JTA platform integration)
2025-05-14 00:26:53 - HHH10001501: Connection obtained from JdbcConnectionAccess [org.hibernate.engine.jdbc.env.internal.JdbcEnvironmentInitiator$ConnectionProviderJdbcConnectionAccess@4fd7ec7a] for (non-JTA) DDL execution was not in auto-commit mode; the Connection 'local transaction' will be committed and the Connection will be set into auto-commit mode.
2025-05-14 00:27:03 - HHH000026: Second-level cache disabled
2025-05-14 00:27:03 - HHH000022: c3p0 properties were encountered, but the c3p0 provider class was not found on the classpath; these properties are going to be ignored.
2025-05-14 00:27:03 - HHH10001002: Using built-in connection pool (not intended for production use)
2025-05-14 00:27:03 - HHH000511: The 5.5.5 version for [org.hibernate.dialect.MariaDBDialect] is no longer supported, hence certain features may not work properly. The minimum supported version is 10.4.0. Check the community dialects project for available legacy versions.
2025-05-14 00:27:03 - HHH90000025: MariaDBDialect does not need to be specified explicitly using 'hibernate.dialect' (remove the property setting and it will be selected by default)
2025-05-14 00:27:03 - HHH10001005: Database info:
	Database JDBC URL [jdbc:mysql://localhost:3306/dormitorymanagement_servlet]
	Database driver: com.mysql.cj.jdbc.Driver
	Database version: 5.5.5
	Autocommit mode: false
	Isolation level: undefined/unknown
	Minimum pool size: 1
	Maximum pool size: 20
2025-05-14 00:27:03 - HHH000489: No JTA platform available (set 'hibernate.transaction.jta.platform' to enable JTA platform integration)
2025-05-14 00:27:03 - HHH10001501: Connection obtained from JdbcConnectionAccess [org.hibernate.engine.jdbc.env.internal.JdbcEnvironmentInitiator$ConnectionProviderJdbcConnectionAccess@60f2b3cf] for (non-JTA) DDL execution was not in auto-commit mode; the Connection 'local transaction' will be committed and the Connection will be set into auto-commit mode.
